<?xml version="1.0" encoding="UTF-8"?>
<testng-results ignored="0" total="2" passed="2" failed="0" skipped="0">
  <reporter-output>
  </reporter-output>
  <suite started-at="2023-02-27T16:11:15 IST" name="Default suite" finished-at="2023-02-27T16:11:28 IST" duration-ms="13780">
    <groups>
    </groups>
    <test started-at="2023-02-27T16:11:15 IST" name="Default test" finished-at="2023-02-27T16:11:28 IST" duration-ms="13780">
      <class name="com.automationframewrkpack1.vam.Scenario1">
        <test-method signature="launchBrowser()[pri:1, instance:com.automationframewrkpack1.vam.Scenario1@2892d68]" started-at="2023-02-27T16:11:15 IST" name="launchBrowser" finished-at="2023-02-27T16:11:20 IST" duration-ms="5739" status="PASS">
          <reporter-output>
          </reporter-output>
        </test-method> <!-- launchBrowser -->
        <test-method signature="launchApplication()[pri:2, instance:com.automationframewrkpack1.vam.Scenario1@2892d68]" started-at="2023-02-27T16:11:20 IST" name="launchApplication" finished-at="2023-02-27T16:11:28 IST" depends-on-methods="com.automationframewrkpack1.vam.Scenario1.launchBrowser" duration-ms="7865" status="PASS">
          <reporter-output>
          </reporter-output>
        </test-method> <!-- launchApplication -->
        <test-method is-config="true" signature="closeBrowser()[pri:0, instance:com.automationframewrkpack1.vam.Scenario1@2892d68]" started-at="2023-02-27T16:11:28 IST" name="closeBrowser" finished-at="2023-02-27T16:11:28 IST" duration-ms="135" status="PASS">
          <reporter-output>
          </reporter-output>
        </test-method> <!-- closeBrowser -->
      </class> <!-- com.automationframewrkpack1.vam.Scenario1 -->
    </test> <!-- Default test -->
  </suite> <!-- Default suite -->
</testng-results>
